-------------------------------------------------------------------------------
Test set: CourierLoginTest
-------------------------------------------------------------------------------
Tests run: 4, Failures: 2, Errors: 0, Skipped: 0, Time elapsed: 68.429 s <<< FAILURE! - in CourierLoginTest
notPossibleToLogInWithNonExistCourierTest(CourierLoginTest)  Time elapsed: 0.453 s  <<< FAILURE!
java.lang.AssertionError: 
1 expectation failed.
JSON path message doesn't match.
Expected: Ð£Ñ‡ÐµÑ‚Ð½Ð°Ñ Ð·Ð°Ð¿Ð¸ÑÑŒ Ð½Ðµ Ð½Ð°Ð¹Ð´ÐµÐ½Ð°
  Actual: Ó÷åòíàÿ çàïèñü íå íàéäåíà

	at CourierLoginTest.notPossibleToLogInWithNonExistCourierTest(CourierLoginTest.java:102)

courierShouldNotLogInWithoutPasswordTest(CourierLoginTest)  Time elapsed: 63.413 s  <<< FAILURE!
java.lang.AssertionError: 
1 expectation failed.
Expected status code <400> but was <504>.

	at CourierLoginTest.courierShouldNotLogInWithoutPasswordTest(CourierLoginTest.java:76)

